MyTest/demo/build/outputs/logs/manifest-merger-debug-report.txt
-- Merging decision tree log ---
manifest
ADDED from MyTest\demo\AndroidManifest.xml:2:1-370:12
	package
		ADDED from MyTest\demo\AndroidManifest.xml:3:5-35
	android:versionName
		ADDED from MyTest\demo\AndroidManifest.xml:6:5-32
		INJECTED from MyTest\demo\AndroidManifest.xml
		INJECTED from MyTest\demo\AndroidManifest.xml
	android:versionCode
		ADDED from MyTest\demo\AndroidManifest.xml:5:5-29
		INJECTED from MyTest\demo\AndroidManifest.xml
		INJECTED from MyTest\demo\AndroidManifest.xml
	xmlns:android
		ADDED from MyTest\demo\AndroidManifest.xml:4:5-63
	android:installLocation
		ADDED from MyTest\demo\AndroidManifest.xml:7:5-35
uses-sdk
ADDED from MyTest\demo\AndroidManifest.xml:9:5-11:40
MERGED from [MyTest:uikit:unspecified] AndroidManifest.xml:5:5-7:41
MERGED from [com.android.support:appcompat-v7:19.1.0] AndroidManifest.xml:18:5-42
	android:targetSdkVersion
		ADDED from MyTest\demo\AndroidManifest.xml:11:9-38
		INJECTED from MyTest\demo\AndroidManifest.xml
		INJECTED from MyTest\demo\AndroidManifest.xml
	android:minSdkVersion
		ADDED from MyTest\demo\AndroidManifest.xml:10:9-34
		INJECTED from MyTest\demo\AndroidManifest.xml
		INJECTED from MyTest\demo\AndroidManifest.xml
uses-permission#android.permission.INTERNET
ADDED from MyTest\demo\AndroidManifest.xml:15:5-66
	android:name
		ADDED from MyTest\demo\AndroidManifest.xml:15:22-64
uses-permission#android.permission.ACCESS_NETWORK_STATE
ADDED from MyTest\demo\AndroidManifest.xml:16:5-78
	android:name
		ADDED from MyTest\demo\AndroidManifest.xml:16:22-76
uses-permission#android.permission.ACCESS_WIFI_STATE
ADDED from MyTest\demo\AndroidManifest.xml:17:5-75
	android:name
		ADDED from MyTest\demo\AndroidManifest.xml:17:22-73
uses-permission#android.permission.CHANGE_WIFI_STATE
ADDED from MyTest\demo\AndroidManifest.xml:18:5-75
	android:name
		ADDED from MyTest\demo\AndroidManifest.xml:18:22-73
uses-permission#android.permission.ACCESS_FINE_LOCATION
ADDED from MyTest\demo\AndroidManifest.xml:19:5-78
	android:name
		ADDED from MyTest\demo\AndroidManifest.xml:19:22-76
uses-permission#android.permission.ACCESS_COARSE_LOCATION
ADDED from MyTest\demo\AndroidManifest.xml:20:5-80
	android:name
		ADDED from MyTest\demo\AndroidManifest.xml:20:22-78
uses-permission#android.permission.WRITE_SETTINGS
ADDED from MyTest\demo\AndroidManifest.xml:21:5-72
	android:name
		ADDED from MyTest\demo\AndroidManifest.xml:21:22-70
uses-permission#android.permission.GET_TASKS
ADDED from MyTest\demo\AndroidManifest.xml:24:5-67
	android:name
		ADDED from MyTest\demo\AndroidManifest.xml:24:22-65
uses-permission#android.permission.FLASHLIGHT
ADDED from MyTest\demo\AndroidManifest.xml:25:5-68
	android:name
		ADDED from MyTest\demo\AndroidManifest.xml:25:22-66
uses-permission#android.permission.VIBRATE
ADDED from MyTest\demo\AndroidManifest.xml:26:5-65
	android:name
		ADDED from MyTest\demo\AndroidManifest.xml:26:22-63
uses-permission#android.permission.WAKE_LOCK
ADDED from MyTest\demo\AndroidManifest.xml:27:5-67
	android:name
		ADDED from MyTest\demo\AndroidManifest.xml:27:22-65
uses-permission#android.permission.BLUETOOTH
ADDED from MyTest\demo\AndroidManifest.xml:28:5-67
	android:name
		ADDED from MyTest\demo\AndroidManifest.xml:28:22-65
uses-permission#android.permission.BLUETOOTH_ADMIN
ADDED from MyTest\demo\AndroidManifest.xml:29:5-73
	android:name
		ADDED from MyTest\demo\AndroidManifest.xml:29:22-71
uses-permission#android.permission.CHANGE_CONFIGURATION
ADDED from MyTest\demo\AndroidManifest.xml:30:5-78
	android:name
		ADDED from MyTest\demo\AndroidManifest.xml:30:22-76
uses-permission#android.permission.MODIFY_AUDIO_SETTINGS
ADDED from MyTest\demo\AndroidManifest.xml:31:5-79
	android:name
		ADDED from MyTest\demo\AndroidManifest.xml:31:22-77
uses-permission#android.permission.READ_EXTERNAL_STORAGE
ADDED from MyTest\demo\AndroidManifest.xml:34:5-79
	android:name
		ADDED from MyTest\demo\AndroidManifest.xml:34:22-77
uses-permission#android.permission.WRITE_EXTERNAL_STORAGE
ADDED from MyTest\demo\AndroidManifest.xml:35:5-80
	android:name
		ADDED from MyTest\demo\AndroidManifest.xml:35:22-78
uses-permission#android.permission.CAMERA
ADDED from MyTest\demo\AndroidManifest.xml:38:5-64
	android:name
		ADDED from MyTest\demo\AndroidManifest.xml:38:22-62
uses-permission#android.permission.RECORD_AUDIO
ADDED from MyTest\demo\AndroidManifest.xml:39:5-70
	android:name
		ADDED from MyTest\demo\AndroidManifest.xml:39:22-68
uses-permission#android.permission.READ_PHONE_STATE
ADDED from MyTest\demo\AndroidManifest.xml:40:5-74
	android:name
		ADDED from MyTest\demo\AndroidManifest.xml:40:22-72
permission#com.netease.nim.demo.permission.RECEIVE_MSG
ADDED from MyTest\demo\AndroidManifest.xml:44:5-46:46
	android:protectionLevel
		ADDED from MyTest\demo\AndroidManifest.xml:46:9-44
	android:name
		ADDED from MyTest\demo\AndroidManifest.xml:45:9-67
uses-permission#com.netease.nim.demo.permission.RECEIVE_MSG
ADDED from MyTest\demo\AndroidManifest.xml:49:5-82
	android:name
		ADDED from MyTest\demo\AndroidManifest.xml:49:22-80
application
ADDED from MyTest\demo\AndroidManifest.xml:51:5-368:19
MERGED from [MyTest:uikit:unspecified] AndroidManifest.xml:9:5-123:19
MERGED from [com.android.support:appcompat-v7:19.1.0] AndroidManifest.xml:19:5-20
	android:label
		ADDED from MyTest\demo\AndroidManifest.xml:55:9-41
	android:allowBackup
		ADDED from MyTest\demo\AndroidManifest.xml:53:9-35
	android:icon
		ADDED from MyTest\demo\AndroidManifest.xml:54:9-41
	android:theme
		ADDED from MyTest\demo\AndroidManifest.xml:56:9-55
	android:name
		ADDED from MyTest\demo\AndroidManifest.xml:52:9-39
meta-data#com.amap.api.v2.apikey
ADDED from MyTest\demo\AndroidManifest.xml:59:9-61:42
	android:value
		ADDED from MyTest\demo\AndroidManifest.xml:61:13-40
		INJECTED from MyTest\demo\AndroidManifest.xml
	android:name
		ADDED from MyTest\demo\AndroidManifest.xml:60:13-50
meta-data#com.netease.nim.appKey
ADDED from MyTest\demo\AndroidManifest.xml:63:9-65:54
	android:value
		ADDED from MyTest\demo\AndroidManifest.xml:65:4-52
	android:name
		ADDED from MyTest\demo\AndroidManifest.xml:64:13-50
uses-library#com.google.android.maps
ADDED from MyTest\demo\AndroidManifest.xml:67:9-69:39
	android:required
		ADDED from MyTest\demo\AndroidManifest.xml:69:13-37
	android:name
		ADDED from MyTest\demo\AndroidManifest.xml:68:13-51
activity#com.netease.nim.demo.main.activity.WelcomeActivity
ADDED from MyTest\demo\AndroidManifest.xml:72:9-87:20
	android:screenOrientation
		ADDED from MyTest\demo\AndroidManifest.xml:78:13-49
	android:label
		ADDED from MyTest\demo\AndroidManifest.xml:76:13-45
	android:hardwareAccelerated
		ADDED from MyTest\demo\AndroidManifest.xml:75:13-47
	android:launchMode
		ADDED from MyTest\demo\AndroidManifest.xml:77:13-43
	android:windowSoftInputMode
		ADDED from MyTest\demo\AndroidManifest.xml:80:13-52
	android:configChanges
		ADDED from MyTest\demo\AndroidManifest.xml:74:13-63
	android:theme
		ADDED from MyTest\demo\AndroidManifest.xml:79:13-65
	android:name
		ADDED from MyTest\demo\AndroidManifest.xml:73:13-58
intent-filter#android.intent.action.MAIN+android.intent.category.LAUNCHER+android.intent.category.MULTIWINDOW_LAUNCHER
ADDED from MyTest\demo\AndroidManifest.xml:81:13-86:29
action#android.intent.action.MAIN
ADDED from MyTest\demo\AndroidManifest.xml:82:17-68
	android:name
		ADDED from MyTest\demo\AndroidManifest.xml:82:25-66
category#android.intent.category.LAUNCHER
ADDED from MyTest\demo\AndroidManifest.xml:84:17-76
	android:name
		ADDED from MyTest\demo\AndroidManifest.xml:84:27-74
category#android.intent.category.MULTIWINDOW_LAUNCHER
ADDED from MyTest\demo\AndroidManifest.xml:85:17-88
	android:name
		ADDED from MyTest\demo\AndroidManifest.xml:85:27-86
activity#com.netease.nim.demo.main.activity.MainActivity
ADDED from MyTest\demo\AndroidManifest.xml:90:9-97:20
	android:screenOrientation
		ADDED from MyTest\demo\AndroidManifest.xml:95:13-49
	android:hardwareAccelerated
		ADDED from MyTest\demo\AndroidManifest.xml:93:13-47
	android:launchMode
		ADDED from MyTest\demo\AndroidManifest.xml:94:13-43
	android:windowSoftInputMode
		ADDED from MyTest\demo\AndroidManifest.xml:96:13-52
	android:configChanges
		ADDED from MyTest\demo\AndroidManifest.xml:92:13-63
	android:name
		ADDED from MyTest\demo\AndroidManifest.xml:91:13-55
activity#com.netease.nim.demo.main.activity.MultiportActivity
ADDED from MyTest\demo\AndroidManifest.xml:100:9-105:20
	android:screenOrientation
		ADDED from MyTest\demo\AndroidManifest.xml:103:13-49
	android:windowSoftInputMode
		ADDED from MyTest\demo\AndroidManifest.xml:104:13-67
	android:configChanges
		ADDED from MyTest\demo\AndroidManifest.xml:102:13-63
	android:name
		ADDED from MyTest\demo\AndroidManifest.xml:101:13-60
activity#com.netease.nim.demo.login.LoginActivity
ADDED from MyTest\demo\AndroidManifest.xml:108:9-114:69
	android:screenOrientation
		ADDED from MyTest\demo\AndroidManifest.xml:112:13-49
	android:label
		ADDED from MyTest\demo\AndroidManifest.xml:111:13-42
	android:windowSoftInputMode
		ADDED from MyTest\demo\AndroidManifest.xml:114:13-67
	android:configChanges
		ADDED from MyTest\demo\AndroidManifest.xml:110:13-48
	android:theme
		ADDED from MyTest\demo\AndroidManifest.xml:113:13-54
	android:name
		ADDED from MyTest\demo\AndroidManifest.xml:109:13-48
activity#com.netease.nim.demo.main.activity.AboutActivity
ADDED from MyTest\demo\AndroidManifest.xml:117:9-123:74
	android:screenOrientation
		ADDED from MyTest\demo\AndroidManifest.xml:121:13-49
	android:label
		ADDED from MyTest\demo\AndroidManifest.xml:120:13-42
	android:windowSoftInputMode
		ADDED from MyTest\demo\AndroidManifest.xml:123:13-72
	android:configChanges
		ADDED from MyTest\demo\AndroidManifest.xml:119:13-48
	android:theme
		ADDED from MyTest\demo\AndroidManifest.xml:122:13-61
	android:name
		ADDED from MyTest\demo\AndroidManifest.xml:118:13-56
activity#com.netease.nim.demo.main.activity.SettingsActivity
ADDED from MyTest\demo\AndroidManifest.xml:125:9-129:62
	android:screenOrientation
		ADDED from MyTest\demo\AndroidManifest.xml:128:13-49
	android:windowSoftInputMode
		ADDED from MyTest\demo\AndroidManifest.xml:129:13-60
	android:configChanges
		ADDED from MyTest\demo\AndroidManifest.xml:127:13-48
	android:name
		ADDED from MyTest\demo\AndroidManifest.xml:126:13-59
activity#com.netease.nim.demo.main.activity.NoDisturbActivity
ADDED from MyTest\demo\AndroidManifest.xml:131:9-135:74
	android:screenOrientation
		ADDED from MyTest\demo\AndroidManifest.xml:134:13-49
	android:windowSoftInputMode
		ADDED from MyTest\demo\AndroidManifest.xml:135:13-72
	android:configChanges
		ADDED from MyTest\demo\AndroidManifest.xml:133:13-48
	android:name
		ADDED from MyTest\demo\AndroidManifest.xml:132:13-60
activity#com.netease.nim.demo.contact.activity.AddFriendActivity
ADDED from MyTest\demo\AndroidManifest.xml:137:9-141:74
	android:screenOrientation
		ADDED from MyTest\demo\AndroidManifest.xml:140:13-49
	android:windowSoftInputMode
		ADDED from MyTest\demo\AndroidManifest.xml:141:13-72
	android:configChanges
		ADDED from MyTest\demo\AndroidManifest.xml:139:13-48
	android:name
		ADDED from MyTest\demo\AndroidManifest.xml:138:13-63
activity#com.netease.nim.demo.contact.activity.UserProfileActivity
ADDED from MyTest\demo\AndroidManifest.xml:143:9-147:74
	android:screenOrientation
		ADDED from MyTest\demo\AndroidManifest.xml:146:13-49
	android:windowSoftInputMode
		ADDED from MyTest\demo\AndroidManifest.xml:147:13-72
	android:configChanges
		ADDED from MyTest\demo\AndroidManifest.xml:145:13-48
	android:name
		ADDED from MyTest\demo\AndroidManifest.xml:144:13-65
activity#com.netease.nim.demo.contact.activity.UserProfileSettingActivity
ADDED from MyTest\demo\AndroidManifest.xml:149:9-153:74
	android:screenOrientation
		ADDED from MyTest\demo\AndroidManifest.xml:152:13-49
	android:windowSoftInputMode
		ADDED from MyTest\demo\AndroidManifest.xml:153:13-72
	android:configChanges
		ADDED from MyTest\demo\AndroidManifest.xml:151:13-48
	android:name
		ADDED from MyTest\demo\AndroidManifest.xml:150:13-72
activity#com.netease.nim.demo.contact.activity.UserProfileEditItemActivity
ADDED from MyTest\demo\AndroidManifest.xml:155:9-159:74
	android:screenOrientation
		ADDED from MyTest\demo\AndroidManifest.xml:158:13-49
	android:windowSoftInputMode
		ADDED from MyTest\demo\AndroidManifest.xml:159:13-72
	android:configChanges
		ADDED from MyTest\demo\AndroidManifest.xml:157:13-48
	android:name
		ADDED from MyTest\demo\AndroidManifest.xml:156:13-73
activity#com.netease.nim.demo.contact.activity.BlackListActivity
ADDED from MyTest\demo\AndroidManifest.xml:161:9-165:74
	android:screenOrientation
		ADDED from MyTest\demo\AndroidManifest.xml:164:13-49
	android:windowSoftInputMode
		ADDED from MyTest\demo\AndroidManifest.xml:165:13-72
	android:configChanges
		ADDED from MyTest\demo\AndroidManifest.xml:163:13-48
	android:name
		ADDED from MyTest\demo\AndroidManifest.xml:162:13-63
activity#com.netease.nim.demo.main.activity.EditNicknameActivity
ADDED from MyTest\demo\AndroidManifest.xml:167:9-171:74
	android:screenOrientation
		ADDED from MyTest\demo\AndroidManifest.xml:170:13-49
	android:windowSoftInputMode
		ADDED from MyTest\demo\AndroidManifest.xml:171:13-72
	android:configChanges
		ADDED from MyTest\demo\AndroidManifest.xml:169:13-48
	android:name
		ADDED from MyTest\demo\AndroidManifest.xml:168:13-63
activity#com.netease.nim.demo.file.browser.FileBrowserActivity
ADDED from MyTest\demo\AndroidManifest.xml:174:9-179:74
	android:screenOrientation
		ADDED from MyTest\demo\AndroidManifest.xml:178:13-49
	android:label
		ADDED from MyTest\demo\AndroidManifest.xml:177:13-49
	android:windowSoftInputMode
		ADDED from MyTest\demo\AndroidManifest.xml:179:13-72
	android:configChanges
		ADDED from MyTest\demo\AndroidManifest.xml:176:13-48
	android:name
		ADDED from MyTest\demo\AndroidManifest.xml:175:13-61
activity#com.netease.nim.demo.main.activity.SystemMessageActivity
ADDED from MyTest\demo\AndroidManifest.xml:181:9-186:69
	android:screenOrientation
		ADDED from MyTest\demo\AndroidManifest.xml:184:13-49
	android:windowSoftInputMode
		ADDED from MyTest\demo\AndroidManifest.xml:186:13-67
	android:configChanges
		ADDED from MyTest\demo\AndroidManifest.xml:183:13-63
	android:theme
		ADDED from MyTest\demo\AndroidManifest.xml:185:13-61
	android:name
		ADDED from MyTest\demo\AndroidManifest.xml:182:13-64
activity#com.netease.nim.demo.main.activity.CustomNotificationActivity
ADDED from MyTest\demo\AndroidManifest.xml:187:9-192:69
	android:screenOrientation
		ADDED from MyTest\demo\AndroidManifest.xml:190:13-49
	android:windowSoftInputMode
		ADDED from MyTest\demo\AndroidManifest.xml:192:13-67
	android:configChanges
		ADDED from MyTest\demo\AndroidManifest.xml:189:13-63
	android:theme
		ADDED from MyTest\demo\AndroidManifest.xml:191:13-61
	android:name
		ADDED from MyTest\demo\AndroidManifest.xml:188:13-69
activity#com.netease.nim.demo.session.activity.MessageHistoryActivity
ADDED from MyTest\demo\AndroidManifest.xml:193:9-198:69
	android:screenOrientation
		ADDED from MyTest\demo\AndroidManifest.xml:196:13-49
	android:windowSoftInputMode
		ADDED from MyTest\demo\AndroidManifest.xml:198:13-67
	android:configChanges
		ADDED from MyTest\demo\AndroidManifest.xml:195:13-63
	android:theme
		ADDED from MyTest\demo\AndroidManifest.xml:197:13-61
	android:name
		ADDED from MyTest\demo\AndroidManifest.xml:194:13-68
activity#com.netease.nim.demo.session.activity.MessageInfoActivity
ADDED from MyTest\demo\AndroidManifest.xml:199:9-204:69
	android:screenOrientation
		ADDED from MyTest\demo\AndroidManifest.xml:202:13-49
	android:windowSoftInputMode
		ADDED from MyTest\demo\AndroidManifest.xml:204:13-67
	android:configChanges
		ADDED from MyTest\demo\AndroidManifest.xml:201:13-63
	android:theme
		ADDED from MyTest\demo\AndroidManifest.xml:203:13-59
	android:name
		ADDED from MyTest\demo\AndroidManifest.xml:200:13-65
activity#com.netease.nim.demo.team.activity.AdvancedTeamSearchActivity
ADDED from MyTest\demo\AndroidManifest.xml:206:9-210:69
	android:screenOrientation
		ADDED from MyTest\demo\AndroidManifest.xml:209:13-49
	android:windowSoftInputMode
		ADDED from MyTest\demo\AndroidManifest.xml:210:13-67
	android:configChanges
		ADDED from MyTest\demo\AndroidManifest.xml:208:13-63
	android:name
		ADDED from MyTest\demo\AndroidManifest.xml:207:13-69
activity#com.netease.nim.demo.team.activity.AdvancedTeamJoinActivity
ADDED from MyTest\demo\AndroidManifest.xml:212:9-216:69
	android:screenOrientation
		ADDED from MyTest\demo\AndroidManifest.xml:215:13-49
	android:windowSoftInputMode
		ADDED from MyTest\demo\AndroidManifest.xml:216:13-67
	android:configChanges
		ADDED from MyTest\demo\AndroidManifest.xml:214:13-63
	android:name
		ADDED from MyTest\demo\AndroidManifest.xml:213:13-67
activity#com.netease.nim.demo.main.activity.TeamListActivity
ADDED from MyTest\demo\AndroidManifest.xml:218:9-222:66
	android:screenOrientation
		ADDED from MyTest\demo\AndroidManifest.xml:221:13-49
	android:windowSoftInputMode
		ADDED from MyTest\demo\AndroidManifest.xml:222:13-64
	android:configChanges
		ADDED from MyTest\demo\AndroidManifest.xml:220:13-63
	android:name
		ADDED from MyTest\demo\AndroidManifest.xml:219:13-59
activity#com.netease.nim.demo.main.activity.GlobalSearchActivity
ADDED from MyTest\demo\AndroidManifest.xml:225:9-231:20
	android:screenOrientation
		ADDED from MyTest\demo\AndroidManifest.xml:228:13-49
	android:windowSoftInputMode
		ADDED from MyTest\demo\AndroidManifest.xml:230:13-59
	android:configChanges
		ADDED from MyTest\demo\AndroidManifest.xml:227:13-63
	android:theme
		ADDED from MyTest\demo\AndroidManifest.xml:229:13-52
	android:name
		ADDED from MyTest\demo\AndroidManifest.xml:226:13-63
activity#com.netease.nim.demo.session.activity.WatchSnapChatPictureActivity
ADDED from MyTest\demo\AndroidManifest.xml:234:9-236:53
	android:configChanges
		ADDED from MyTest\demo\AndroidManifest.xml:236:13-51
	android:name
		ADDED from MyTest\demo\AndroidManifest.xml:235:13-74
activity#com.netease.nim.demo.location.activity.LocationAmapActivity
ADDED from MyTest\demo\AndroidManifest.xml:238:9-242:51
	android:screenOrientation
		ADDED from MyTest\demo\AndroidManifest.xml:242:13-49
	android:label
		ADDED from MyTest\demo\AndroidManifest.xml:241:13-49
	android:configChanges
		ADDED from MyTest\demo\AndroidManifest.xml:240:13-63
	android:name
		ADDED from MyTest\demo\AndroidManifest.xml:239:13-67
activity#com.netease.nim.demo.location.activity.NavigationAmapActivity
ADDED from MyTest\demo\AndroidManifest.xml:243:9-247:51
	android:screenOrientation
		ADDED from MyTest\demo\AndroidManifest.xml:247:13-49
	android:label
		ADDED from MyTest\demo\AndroidManifest.xml:246:13-54
	android:configChanges
		ADDED from MyTest\demo\AndroidManifest.xml:245:13-63
	android:name
		ADDED from MyTest\demo\AndroidManifest.xml:244:13-69
activity#com.netease.nim.demo.avchat.activity.AVChatActivity
ADDED from MyTest\demo\AndroidManifest.xml:250:9-255:62
	android:screenOrientation
		ADDED from MyTest\demo\AndroidManifest.xml:253:13-49
	android:launchMode
		ADDED from MyTest\demo\AndroidManifest.xml:252:13-48
	android:windowSoftInputMode
		ADDED from MyTest\demo\AndroidManifest.xml:255:13-60
	android:theme
		ADDED from MyTest\demo\AndroidManifest.xml:254:13-77
	android:name
		ADDED from MyTest\demo\AndroidManifest.xml:251:13-59
activity#com.netease.nim.demo.rts.activity.RTSActivity
ADDED from MyTest\demo\AndroidManifest.xml:258:9-262:62
	android:screenOrientation
		ADDED from MyTest\demo\AndroidManifest.xml:261:13-49
	android:launchMode
		ADDED from MyTest\demo\AndroidManifest.xml:260:13-48
	android:windowSoftInputMode
		ADDED from MyTest\demo\AndroidManifest.xml:262:13-60
	android:name
		ADDED from MyTest\demo\AndroidManifest.xml:259:13-53
activity#com.netease.nim.demo.session.search.SearchMessageActivity
ADDED from MyTest\demo\AndroidManifest.xml:265:9-270:71
	android:screenOrientation
		ADDED from MyTest\demo\AndroidManifest.xml:268:13-49
	android:windowSoftInputMode
		ADDED from MyTest\demo\AndroidManifest.xml:270:13-69
	android:configChanges
		ADDED from MyTest\demo\AndroidManifest.xml:267:13-63
	android:theme
		ADDED from MyTest\demo\AndroidManifest.xml:269:13-52
	android:name
		ADDED from MyTest\demo\AndroidManifest.xml:266:13-65
activity#com.netease.nim.demo.session.search.DisplayMessageActivity
ADDED from MyTest\demo\AndroidManifest.xml:272:9-277:69
	android:screenOrientation
		ADDED from MyTest\demo\AndroidManifest.xml:275:13-49
	android:windowSoftInputMode
		ADDED from MyTest\demo\AndroidManifest.xml:277:13-67
	android:configChanges
		ADDED from MyTest\demo\AndroidManifest.xml:274:13-63
	android:theme
		ADDED from MyTest\demo\AndroidManifest.xml:276:13-61
	android:name
		ADDED from MyTest\demo\AndroidManifest.xml:273:13-66
activity#com.netease.nim.demo.chatroom.activity.ChatRoomActivity
ADDED from MyTest\demo\AndroidManifest.xml:280:9-284:69
	android:screenOrientation
		ADDED from MyTest\demo\AndroidManifest.xml:282:13-49
	android:windowSoftInputMode
		ADDED from MyTest\demo\AndroidManifest.xml:284:13-67
	android:theme
		ADDED from MyTest\demo\AndroidManifest.xml:283:13-66
	android:name
		ADDED from MyTest\demo\AndroidManifest.xml:281:13-63
service#com.netease.nimlib.service.NimService
ADDED from MyTest\demo\AndroidManifest.xml:287:9-289:38
	android:process
		ADDED from MyTest\demo\AndroidManifest.xml:289:13-36
	android:name
		ADDED from MyTest\demo\AndroidManifest.xml:288:13-65
service#com.netease.nimlib.service.NimService$Aux
ADDED from MyTest\demo\AndroidManifest.xml:292:9-294:38
	android:process
		ADDED from MyTest\demo\AndroidManifest.xml:294:13-36
	android:name
		ADDED from MyTest\demo\AndroidManifest.xml:293:13-69
receiver#com.netease.nimlib.service.NimReceiver
ADDED from MyTest\demo\AndroidManifest.xml:297:9-305:20
	android:process
		ADDED from MyTest\demo\AndroidManifest.xml:300:13-36
	android:exported
		ADDED from MyTest\demo\AndroidManifest.xml:299:13-37
	android:name
		ADDED from MyTest\demo\AndroidManifest.xml:298:13-66
intent-filter#android.intent.action.BOOT_COMPLETED+android.net.conn.CONNECTIVITY_CHANGE
ADDED from MyTest\demo\AndroidManifest.xml:301:13-304:29
action#android.intent.action.BOOT_COMPLETED
ADDED from MyTest\demo\AndroidManifest.xml:302:17-78
	android:name
		ADDED from MyTest\demo\AndroidManifest.xml:302:25-76
action#android.net.conn.CONNECTIVITY_CHANGE
ADDED from MyTest\demo\AndroidManifest.xml:303:17-78
	android:name
		ADDED from MyTest\demo\AndroidManifest.xml:303:25-76
receiver#com.netease.nimlib.service.ResponseReceiver
ADDED from MyTest\demo\AndroidManifest.xml:308:9-79
	android:name
		ADDED from MyTest\demo\AndroidManifest.xml:308:19-77
receiver#com.netease.nim.demo.receiver.CustomNotificationReceiver
ADDED from MyTest\demo\AndroidManifest.xml:312:9-319:20
	android:enabled
		ADDED from MyTest\demo\AndroidManifest.xml:314:13-35
	android:exported
		ADDED from MyTest\demo\AndroidManifest.xml:315:13-37
	android:name
		ADDED from MyTest\demo\AndroidManifest.xml:313:13-64
intent-filter#com.netease.nim.demo.ACTION.RECEIVE_CUSTOM_NOTIFICATION
ADDED from MyTest\demo\AndroidManifest.xml:316:13-318:29
action#com.netease.nim.demo.ACTION.RECEIVE_CUSTOM_NOTIFICATION
ADDED from MyTest\demo\AndroidManifest.xml:317:17-97
	android:name
		ADDED from MyTest\demo\AndroidManifest.xml:317:25-95
receiver#com.netease.nimlib.receiver.AVChatBroadcastReceiver
ADDED from MyTest\demo\AndroidManifest.xml:322:9-329:20
	android:enabled
		ADDED from MyTest\demo\AndroidManifest.xml:324:13-35
	android:exported
		ADDED from MyTest\demo\AndroidManifest.xml:325:13-37
	android:name
		ADDED from MyTest\demo\AndroidManifest.xml:323:13-79
intent-filter#com.netease.nim.demo.ACTION.RECEIVE_AVCHAT_CALL_NOTIFICATION
ADDED from MyTest\demo\AndroidManifest.xml:326:13-328:29
action#com.netease.nim.demo.ACTION.RECEIVE_AVCHAT_CALL_NOTIFICATION
ADDED from MyTest\demo\AndroidManifest.xml:327:17-102
	android:name
		ADDED from MyTest\demo\AndroidManifest.xml:327:25-100
receiver#com.netease.nimlib.receiver.RTSBroadcastReceiver
ADDED from MyTest\demo\AndroidManifest.xml:332:9-339:20
	android:enabled
		ADDED from MyTest\demo\AndroidManifest.xml:334:13-35
	android:exported
		ADDED from MyTest\demo\AndroidManifest.xml:335:13-37
	android:name
		ADDED from MyTest\demo\AndroidManifest.xml:333:13-76
intent-filter#com.netease.nim.demo.ACTION.RECEIVE_RTS_NOTIFICATION
ADDED from MyTest\demo\AndroidManifest.xml:336:13-338:29
action#com.netease.nim.demo.ACTION.RECEIVE_RTS_NOTIFICATION
ADDED from MyTest\demo\AndroidManifest.xml:337:17-94
	android:name
		ADDED from MyTest\demo\AndroidManifest.xml:337:25-92
receiver#com.netease.nimlib.receiver.IncomingCallReceiver
ADDED from MyTest\demo\AndroidManifest.xml:342:9-346:20
	android:name
		ADDED from MyTest\demo\AndroidManifest.xml:342:19-82
intent-filter#android.intent.action.PHONE_STATE
ADDED from MyTest\demo\AndroidManifest.xml:343:13-345:29
action#android.intent.action.PHONE_STATE
ADDED from MyTest\demo\AndroidManifest.xml:344:17-75
	android:name
		ADDED from MyTest\demo\AndroidManifest.xml:344:25-73
service#com.netease.cosine.core.CosineService
ADDED from MyTest\demo\AndroidManifest.xml:349:9-352:19
	android:process
		ADDED from MyTest\demo\AndroidManifest.xml:351:13-38
	android:name
		ADDED from MyTest\demo\AndroidManifest.xml:350:13-65
receiver#com.netease.cosine.target.CosineReceiver
ADDED from MyTest\demo\AndroidManifest.xml:354:9-358:20
	android:process
		ADDED from MyTest\demo\AndroidManifest.xml:357:13-38
	android:exported
		ADDED from MyTest\demo\AndroidManifest.xml:356:13-36
	android:name
		ADDED from MyTest\demo\AndroidManifest.xml:355:13-68
meta-data#com.netease.cosine.target
ADDED from MyTest\demo\AndroidManifest.xml:361:9-363:31
	android:value
		ADDED from MyTest\demo\AndroidManifest.xml:363:13-29
	android:name
		ADDED from MyTest\demo\AndroidManifest.xml:362:13-53
meta-data#com.netease.cosine.target.receiver
ADDED from MyTest\demo\AndroidManifest.xml:364:9-366:69
	android:value
		ADDED from MyTest\demo\AndroidManifest.xml:366:13-67
	android:name
		ADDED from MyTest\demo\AndroidManifest.xml:365:13-62
activity#com.netease.nim.uikit.session.activity.P2PMessageActivity
ADDED from [MyTest:uikit:unspecified] AndroidManifest.xml:16:9-20:70
	android:screenOrientation
		ADDED from [MyTest:uikit:unspecified] AndroidManifest.xml:19:13-49
	android:windowSoftInputMode
		ADDED from [MyTest:uikit:unspecified] AndroidManifest.xml:20:13-67
	android:configChanges
		ADDED from [MyTest:uikit:unspecified] AndroidManifest.xml:18:13-63
	android:name
		ADDED from [MyTest:uikit:unspecified] AndroidManifest.xml:17:13-85
activity#com.netease.nim.uikit.session.activity.TeamMessageActivity
ADDED from [MyTest:uikit:unspecified] AndroidManifest.xml:21:9-25:70
	android:screenOrientation
		ADDED from [MyTest:uikit:unspecified] AndroidManifest.xml:24:13-49
	android:windowSoftInputMode
		ADDED from [MyTest:uikit:unspecified] AndroidManifest.xml:25:13-67
	android:configChanges
		ADDED from [MyTest:uikit:unspecified] AndroidManifest.xml:23:13-63
	android:name
		ADDED from [MyTest:uikit:unspecified] AndroidManifest.xml:22:13-86
activity#com.netease.nim.uikit.team.activity.NormalTeamInfoActivity
ADDED from [MyTest:uikit:unspecified] AndroidManifest.xml:28:9-32:70
	android:screenOrientation
		ADDED from [MyTest:uikit:unspecified] AndroidManifest.xml:31:13-49
	android:windowSoftInputMode
		ADDED from [MyTest:uikit:unspecified] AndroidManifest.xml:32:13-67
	android:configChanges
		ADDED from [MyTest:uikit:unspecified] AndroidManifest.xml:30:13-63
	android:name
		ADDED from [MyTest:uikit:unspecified] AndroidManifest.xml:29:13-86
activity#com.netease.nim.uikit.team.activity.AdvancedTeamInfoActivity
ADDED from [MyTest:uikit:unspecified] AndroidManifest.xml:33:9-37:70
	android:screenOrientation
		ADDED from [MyTest:uikit:unspecified] AndroidManifest.xml:36:13-49
	android:windowSoftInputMode
		ADDED from [MyTest:uikit:unspecified] AndroidManifest.xml:37:13-67
	android:configChanges
		ADDED from [MyTest:uikit:unspecified] AndroidManifest.xml:35:13-63
	android:name
		ADDED from [MyTest:uikit:unspecified] AndroidManifest.xml:34:13-88
activity#com.netease.nim.uikit.team.activity.AdvancedTeamMemberActivity
ADDED from [MyTest:uikit:unspecified] AndroidManifest.xml:38:9-42:70
	android:screenOrientation
		ADDED from [MyTest:uikit:unspecified] AndroidManifest.xml:41:13-49
	android:windowSoftInputMode
		ADDED from [MyTest:uikit:unspecified] AndroidManifest.xml:42:13-67
	android:configChanges
		ADDED from [MyTest:uikit:unspecified] AndroidManifest.xml:40:13-63
	android:name
		ADDED from [MyTest:uikit:unspecified] AndroidManifest.xml:39:13-90
activity#com.netease.nim.uikit.team.activity.AdvancedTeamAnnounceActivity
ADDED from [MyTest:uikit:unspecified] AndroidManifest.xml:43:9-47:70
	android:screenOrientation
		ADDED from [MyTest:uikit:unspecified] AndroidManifest.xml:46:13-49
	android:windowSoftInputMode
		ADDED from [MyTest:uikit:unspecified] AndroidManifest.xml:47:13-67
	android:configChanges
		ADDED from [MyTest:uikit:unspecified] AndroidManifest.xml:45:13-63
	android:name
		ADDED from [MyTest:uikit:unspecified] AndroidManifest.xml:44:13-92
activity#com.netease.nim.uikit.team.activity.AdvancedTeamMemberInfoActivity
ADDED from [MyTest:uikit:unspecified] AndroidManifest.xml:48:9-52:70
	android:screenOrientation
		ADDED from [MyTest:uikit:unspecified] AndroidManifest.xml:51:13-49
	android:windowSoftInputMode
		ADDED from [MyTest:uikit:unspecified] AndroidManifest.xml:52:13-67
	android:configChanges
		ADDED from [MyTest:uikit:unspecified] AndroidManifest.xml:50:13-63
	android:name
		ADDED from [MyTest:uikit:unspecified] AndroidManifest.xml:49:13-94
activity#com.netease.nim.uikit.team.activity.AdvancedTeamNicknameActivity
ADDED from [MyTest:uikit:unspecified] AndroidManifest.xml:53:9-57:70
	android:screenOrientation
		ADDED from [MyTest:uikit:unspecified] AndroidManifest.xml:56:13-49
	android:windowSoftInputMode
		ADDED from [MyTest:uikit:unspecified] AndroidManifest.xml:57:13-67
	android:configChanges